[2026-07-17T07:32:44.667+0000] {taskinstance.py:1956} INFO - Dependencies all met for dep_context=non-requeueable deps ti=<TaskInstance: stock_pipeline.fetch_stock_data manual__2026-07-17T07:32:43.326980+00:00 [queued]>
[2026-07-17T07:32:44.684+0000] {taskinstance.py:1956} INFO - Dependencies all met for dep_context=requeueable deps ti=<TaskInstance: stock_pipeline.fetch_stock_data manual__2026-07-17T07:32:43.326980+00:00 [queued]>
[2026-07-17T07:32:44.687+0000] {taskinstance.py:2170} INFO - Starting attempt 1 of 3
[2026-07-17T07:32:44.709+0000] {taskinstance.py:2191} INFO - Executing <Task(PythonOperator): fetch_stock_data> on 2026-07-17 07:32:43.326980+00:00
[2026-07-17T07:32:44.719+0000] {standard_task_runner.py:60} INFO - Started process 308 to run task
[2026-07-17T07:32:44.723+0000] {standard_task_runner.py:87} INFO - Running: ['***', 'tasks', 'run', 'stock_pipeline', 'fetch_stock_data', 'manual__2026-07-17T07:32:43.326980+00:00', '--job-id', '3', '--raw', '--subdir', 'DAGS_FOLDER/stock_pipeline.py', '--cfg-path', '/tmp/tmpn2tk2ct_']
[2026-07-17T07:32:44.727+0000] {standard_task_runner.py:88} INFO - Job 3: Subtask fetch_stock_data
[2026-07-17T07:32:44.805+0000] {task_command.py:423} INFO - Running <TaskInstance: stock_pipeline.fetch_stock_data manual__2026-07-17T07:32:43.326980+00:00 [running]> on host e59a5eeb5fc0
[2026-07-17T07:32:44.934+0000] {taskinstance.py:2480} INFO - Exporting env vars: AIRFLOW_CTX_DAG_OWNER='Lynixt' AIRFLOW_CTX_DAG_ID='stock_pipeline' AIRFLOW_CTX_TASK_ID='fetch_stock_data' AIRFLOW_CTX_EXECUTION_DATE='2026-07-17T07:32:43.326980+00:00' AIRFLOW_CTX_TRY_NUMBER='1' AIRFLOW_CTX_DAG_RUN_ID='manual__2026-07-17T07:32:43.326980+00:00'
[2026-07-17T07:32:46.077+0000] {logging_mixin.py:188} INFO -   [AAPL] Attempt 1 failed: API error for AAPL: Unknown
[2026-07-17T07:32:48.398+0000] {logging_mixin.py:188} INFO -   [AAPL] Attempt 2 failed: API error for AAPL: Unknown
[2026-07-17T07:32:52.745+0000] {logging_mixin.py:188} INFO -   [AAPL] Attempt 3 failed: API error for AAPL: Unknown
[2026-07-17T07:32:52.746+0000] {taskinstance.py:2698} ERROR - Task failed with exception
Traceback (most recent call last):
  File "/home/airflow/.local/lib/python3.8/site-packages/airflow/models/taskinstance.py", line 433, in _execute_task
    result = execute_callable(context=context, **execute_callable_kwargs)
  File "/home/airflow/.local/lib/python3.8/site-packages/airflow/operators/python.py", line 199, in execute
    return_value = self.execute_callable()
  File "/home/airflow/.local/lib/python3.8/site-packages/airflow/operators/python.py", line 216, in execute_callable
    return self.python_callable(*self.op_args, **self.op_kwargs)
  File "/opt/airflow/dags/stock_pipeline.py", line 114, in task_fetch
    results[stock] = fetch_stock_data(stock)
  File "/opt/airflow/dags/stock_pipeline.py", line 44, in fetch_stock_data
    raise ValueError(f"API error for {symbol}: {data.get('Note', 'Unknown')}")
ValueError: API error for AAPL: Unknown
[2026-07-17T07:32:52.766+0000] {taskinstance.py:1138} INFO - Marking task as UP_FOR_RETRY. dag_id=stock_pipeline, task_id=fetch_stock_data, execution_date=20260717T073243, start_date=20260717T073244, end_date=20260717T073252
[2026-07-17T07:32:52.785+0000] {standard_task_runner.py:107} ERROR - Failed to execute job 3 for task fetch_stock_data (API error for AAPL: Unknown; 308)
[2026-07-17T07:32:52.826+0000] {local_task_job_runner.py:234} INFO - Task exited with return code 1
[2026-07-17T07:32:52.854+0000] {taskinstance.py:3280} INFO - 0 downstream tasks scheduled from follow-on schedule check
