[2026-07-17T07:37:53.780+0000] {taskinstance.py:1956} INFO - Dependencies all met for dep_context=non-requeueable deps ti=<TaskInstance: stock_pipeline.fetch_stock_data manual__2026-07-17T07:32:43.326980+00:00 [queued]>
[2026-07-17T07:37:53.790+0000] {taskinstance.py:1956} INFO - Dependencies all met for dep_context=requeueable deps ti=<TaskInstance: stock_pipeline.fetch_stock_data manual__2026-07-17T07:32:43.326980+00:00 [queued]>
[2026-07-17T07:37:53.791+0000] {taskinstance.py:2170} INFO - Starting attempt 2 of 3
[2026-07-17T07:37:53.807+0000] {taskinstance.py:2191} INFO - Executing <Task(PythonOperator): fetch_stock_data> on 2026-07-17 07:32:43.326980+00:00
[2026-07-17T07:37:53.815+0000] {standard_task_runner.py:60} INFO - Started process 365 to run task
[2026-07-17T07:37:53.818+0000] {standard_task_runner.py:87} INFO - Running: ['***', 'tasks', 'run', 'stock_pipeline', 'fetch_stock_data', 'manual__2026-07-17T07:32:43.326980+00:00', '--job-id', '4', '--raw', '--subdir', 'DAGS_FOLDER/stock_pipeline.py', '--cfg-path', '/tmp/tmp4q_lh9pd']
[2026-07-17T07:37:53.821+0000] {standard_task_runner.py:88} INFO - Job 4: Subtask fetch_stock_data
[2026-07-17T07:37:53.900+0000] {task_command.py:423} INFO - Running <TaskInstance: stock_pipeline.fetch_stock_data manual__2026-07-17T07:32:43.326980+00:00 [running]> on host e59a5eeb5fc0
[2026-07-17T07:37:54.011+0000] {taskinstance.py:2480} INFO - Exporting env vars: AIRFLOW_CTX_DAG_OWNER='Lynixt' AIRFLOW_CTX_DAG_ID='stock_pipeline' AIRFLOW_CTX_TASK_ID='fetch_stock_data' AIRFLOW_CTX_EXECUTION_DATE='2026-07-17T07:32:43.326980+00:00' AIRFLOW_CTX_TRY_NUMBER='2' AIRFLOW_CTX_DAG_RUN_ID='manual__2026-07-17T07:32:43.326980+00:00'
[2026-07-17T07:37:54.368+0000] {logging_mixin.py:188} INFO -   [AAPL] Attempt 1 failed: API error for AAPL: Unknown
[2026-07-17T07:37:56.690+0000] {logging_mixin.py:188} INFO -   [AAPL] Attempt 2 failed: API error for AAPL: Unknown
[2026-07-17T07:38:01.022+0000] {logging_mixin.py:188} INFO -   [AAPL] Attempt 3 failed: API error for AAPL: Unknown
[2026-07-17T07:38:01.023+0000] {taskinstance.py:2698} ERROR - Task failed with exception
Traceback (most recent call last):
  File "/home/airflow/.local/lib/python3.8/site-packages/airflow/models/taskinstance.py", line 433, in _execute_task
    result = execute_callable(context=context, **execute_callable_kwargs)
  File "/home/airflow/.local/lib/python3.8/site-packages/airflow/operators/python.py", line 199, in execute
    return_value = self.execute_callable()
  File "/home/airflow/.local/lib/python3.8/site-packages/airflow/operators/python.py", line 216, in execute_callable
    return self.python_callable(*self.op_args, **self.op_kwargs)
  File "/opt/airflow/dags/stock_pipeline.py", line 114, in task_fetch
    results[stock] = fetch_stock_data(stock)
  File "/opt/airflow/dags/stock_pipeline.py", line 44, in fetch_stock_data
    raise ValueError(f"API error for {symbol}: {data.get('Note', 'Unknown')}")
ValueError: API error for AAPL: Unknown
[2026-07-17T07:38:01.040+0000] {taskinstance.py:1138} INFO - Marking task as UP_FOR_RETRY. dag_id=stock_pipeline, task_id=fetch_stock_data, execution_date=20260717T073243, start_date=20260717T073753, end_date=20260717T073801
[2026-07-17T07:38:01.055+0000] {standard_task_runner.py:107} ERROR - Failed to execute job 4 for task fetch_stock_data (API error for AAPL: Unknown; 365)
[2026-07-17T07:38:01.067+0000] {local_task_job_runner.py:234} INFO - Task exited with return code 1
[2026-07-17T07:38:01.096+0000] {taskinstance.py:3280} INFO - 0 downstream tasks scheduled from follow-on schedule check
