[2026-07-18T06:24:13.658+0000] {processor.py:161} INFO - Started process (PID=175) to work on /opt/airflow/dags/stock_pipeline.py
[2026-07-18T06:24:13.661+0000] {processor.py:830} INFO - Processing file /opt/airflow/dags/stock_pipeline.py for tasks to queue
[2026-07-18T06:24:13.663+0000] {logging_mixin.py:188} INFO - [2026-07-18T06:24:13.662+0000] {dagbag.py:538} INFO - Filling up the DagBag from /opt/airflow/dags/stock_pipeline.py
[2026-07-18T06:24:13.721+0000] {processor.py:840} INFO - DAG(s) 'stock_pipeline' retrieved from /opt/airflow/dags/stock_pipeline.py
[2026-07-18T06:24:13.755+0000] {logging_mixin.py:188} INFO - [2026-07-18T06:24:13.755+0000] {dag.py:3036} INFO - Sync 1 DAGs
[2026-07-18T06:24:13.801+0000] {logging_mixin.py:188} INFO - [2026-07-18T06:24:13.801+0000] {dag.py:3823} INFO - Setting next_dagrun for stock_pipeline to 2026-07-17 08:00:00+00:00, run_after=2026-07-20 08:00:00+00:00
[2026-07-18T06:24:13.838+0000] {processor.py:183} INFO - Processing /opt/airflow/dags/stock_pipeline.py took 0.184 seconds
[2026-07-18T06:24:44.050+0000] {processor.py:161} INFO - Started process (PID=180) to work on /opt/airflow/dags/stock_pipeline.py
[2026-07-18T06:24:44.052+0000] {processor.py:830} INFO - Processing file /opt/airflow/dags/stock_pipeline.py for tasks to queue
[2026-07-18T06:24:44.054+0000] {logging_mixin.py:188} INFO - [2026-07-18T06:24:44.053+0000] {dagbag.py:538} INFO - Filling up the DagBag from /opt/airflow/dags/stock_pipeline.py
[2026-07-18T06:24:44.095+0000] {processor.py:840} INFO - DAG(s) 'stock_pipeline' retrieved from /opt/airflow/dags/stock_pipeline.py
[2026-07-18T06:24:44.408+0000] {logging_mixin.py:188} INFO - [2026-07-18T06:24:44.408+0000] {dag.py:3036} INFO - Sync 1 DAGs
[2026-07-18T06:24:44.444+0000] {logging_mixin.py:188} INFO - [2026-07-18T06:24:44.444+0000] {dag.py:3823} INFO - Setting next_dagrun for stock_pipeline to 2026-07-17 08:00:00+00:00, run_after=2026-07-20 08:00:00+00:00
[2026-07-18T06:24:44.481+0000] {processor.py:183} INFO - Processing /opt/airflow/dags/stock_pipeline.py took 0.435 seconds
[2026-07-18T06:25:14.703+0000] {processor.py:161} INFO - Started process (PID=185) to work on /opt/airflow/dags/stock_pipeline.py
[2026-07-18T06:25:14.705+0000] {processor.py:830} INFO - Processing file /opt/airflow/dags/stock_pipeline.py for tasks to queue
[2026-07-18T06:25:14.707+0000] {logging_mixin.py:188} INFO - [2026-07-18T06:25:14.707+0000] {dagbag.py:538} INFO - Filling up the DagBag from /opt/airflow/dags/stock_pipeline.py
[2026-07-18T06:25:14.754+0000] {processor.py:840} INFO - DAG(s) 'stock_pipeline' retrieved from /opt/airflow/dags/stock_pipeline.py
[2026-07-18T06:25:14.807+0000] {logging_mixin.py:188} INFO - [2026-07-18T06:25:14.806+0000] {dag.py:3036} INFO - Sync 1 DAGs
[2026-07-18T06:25:14.840+0000] {logging_mixin.py:188} INFO - [2026-07-18T06:25:14.839+0000] {dag.py:3823} INFO - Setting next_dagrun for stock_pipeline to 2026-07-17 08:00:00+00:00, run_after=2026-07-20 08:00:00+00:00
[2026-07-18T06:25:14.864+0000] {processor.py:183} INFO - Processing /opt/airflow/dags/stock_pipeline.py took 0.168 seconds
[2026-07-18T06:25:45.083+0000] {processor.py:161} INFO - Started process (PID=190) to work on /opt/airflow/dags/stock_pipeline.py
[2026-07-18T06:25:45.086+0000] {processor.py:830} INFO - Processing file /opt/airflow/dags/stock_pipeline.py for tasks to queue
[2026-07-18T06:25:45.088+0000] {logging_mixin.py:188} INFO - [2026-07-18T06:25:45.087+0000] {dagbag.py:538} INFO - Filling up the DagBag from /opt/airflow/dags/stock_pipeline.py
[2026-07-18T06:25:45.129+0000] {processor.py:840} INFO - DAG(s) 'stock_pipeline' retrieved from /opt/airflow/dags/stock_pipeline.py
[2026-07-18T06:25:45.184+0000] {logging_mixin.py:188} INFO - [2026-07-18T06:25:45.184+0000] {dag.py:3036} INFO - Sync 1 DAGs
[2026-07-18T06:25:45.223+0000] {logging_mixin.py:188} INFO - [2026-07-18T06:25:45.222+0000] {dag.py:3823} INFO - Setting next_dagrun for stock_pipeline to 2026-07-17 08:00:00+00:00, run_after=2026-07-20 08:00:00+00:00
[2026-07-18T06:25:45.252+0000] {processor.py:183} INFO - Processing /opt/airflow/dags/stock_pipeline.py took 0.173 seconds
[2026-07-18T06:26:15.468+0000] {processor.py:161} INFO - Started process (PID=199) to work on /opt/airflow/dags/stock_pipeline.py
[2026-07-18T06:26:15.471+0000] {processor.py:830} INFO - Processing file /opt/airflow/dags/stock_pipeline.py for tasks to queue
[2026-07-18T06:26:15.473+0000] {logging_mixin.py:188} INFO - [2026-07-18T06:26:15.473+0000] {dagbag.py:538} INFO - Filling up the DagBag from /opt/airflow/dags/stock_pipeline.py
[2026-07-18T06:26:15.515+0000] {processor.py:840} INFO - DAG(s) 'stock_pipeline' retrieved from /opt/airflow/dags/stock_pipeline.py
[2026-07-18T06:26:15.568+0000] {logging_mixin.py:188} INFO - [2026-07-18T06:26:15.568+0000] {dag.py:3036} INFO - Sync 1 DAGs
[2026-07-18T06:26:15.600+0000] {logging_mixin.py:188} INFO - [2026-07-18T06:26:15.599+0000] {dag.py:3823} INFO - Setting next_dagrun for stock_pipeline to 2026-07-17 08:00:00+00:00, run_after=2026-07-20 08:00:00+00:00
[2026-07-18T06:26:15.626+0000] {processor.py:183} INFO - Processing /opt/airflow/dags/stock_pipeline.py took 0.162 seconds
[2026-07-18T06:26:45.847+0000] {processor.py:161} INFO - Started process (PID=210) to work on /opt/airflow/dags/stock_pipeline.py
[2026-07-18T06:26:45.850+0000] {processor.py:830} INFO - Processing file /opt/airflow/dags/stock_pipeline.py for tasks to queue
[2026-07-18T06:26:45.852+0000] {logging_mixin.py:188} INFO - [2026-07-18T06:26:45.851+0000] {dagbag.py:538} INFO - Filling up the DagBag from /opt/airflow/dags/stock_pipeline.py
[2026-07-18T06:26:45.896+0000] {processor.py:840} INFO - DAG(s) 'stock_pipeline' retrieved from /opt/airflow/dags/stock_pipeline.py
[2026-07-18T06:26:45.959+0000] {logging_mixin.py:188} INFO - [2026-07-18T06:26:45.959+0000] {dag.py:3036} INFO - Sync 1 DAGs
[2026-07-18T06:26:46.016+0000] {logging_mixin.py:188} INFO - [2026-07-18T06:26:46.015+0000] {dag.py:3823} INFO - Setting next_dagrun for stock_pipeline to 2026-07-17 08:00:00+00:00, run_after=2026-07-20 08:00:00+00:00
[2026-07-18T06:26:46.048+0000] {processor.py:183} INFO - Processing /opt/airflow/dags/stock_pipeline.py took 0.208 seconds
[2026-07-18T06:27:16.265+0000] {processor.py:161} INFO - Started process (PID=215) to work on /opt/airflow/dags/stock_pipeline.py
[2026-07-18T06:27:16.267+0000] {processor.py:830} INFO - Processing file /opt/airflow/dags/stock_pipeline.py for tasks to queue
[2026-07-18T06:27:16.269+0000] {logging_mixin.py:188} INFO - [2026-07-18T06:27:16.268+0000] {dagbag.py:538} INFO - Filling up the DagBag from /opt/airflow/dags/stock_pipeline.py
[2026-07-18T06:27:16.307+0000] {processor.py:840} INFO - DAG(s) 'stock_pipeline' retrieved from /opt/airflow/dags/stock_pipeline.py
[2026-07-18T06:27:16.361+0000] {logging_mixin.py:188} INFO - [2026-07-18T06:27:16.360+0000] {dag.py:3036} INFO - Sync 1 DAGs
[2026-07-18T06:27:16.389+0000] {logging_mixin.py:188} INFO - [2026-07-18T06:27:16.388+0000] {dag.py:3823} INFO - Setting next_dagrun for stock_pipeline to 2026-07-17 08:00:00+00:00, run_after=2026-07-20 08:00:00+00:00
[2026-07-18T06:27:16.414+0000] {processor.py:183} INFO - Processing /opt/airflow/dags/stock_pipeline.py took 0.155 seconds
[2026-07-18T06:27:46.643+0000] {processor.py:161} INFO - Started process (PID=220) to work on /opt/airflow/dags/stock_pipeline.py
[2026-07-18T06:27:46.648+0000] {processor.py:830} INFO - Processing file /opt/airflow/dags/stock_pipeline.py for tasks to queue
[2026-07-18T06:27:46.653+0000] {logging_mixin.py:188} INFO - [2026-07-18T06:27:46.652+0000] {dagbag.py:538} INFO - Filling up the DagBag from /opt/airflow/dags/stock_pipeline.py
[2026-07-18T06:27:46.761+0000] {processor.py:840} INFO - DAG(s) 'stock_pipeline' retrieved from /opt/airflow/dags/stock_pipeline.py
[2026-07-18T06:27:46.869+0000] {logging_mixin.py:188} INFO - [2026-07-18T06:27:46.869+0000] {dag.py:3036} INFO - Sync 1 DAGs
[2026-07-18T06:27:46.924+0000] {logging_mixin.py:188} INFO - [2026-07-18T06:27:46.924+0000] {dag.py:3823} INFO - Setting next_dagrun for stock_pipeline to 2026-07-17 08:00:00+00:00, run_after=2026-07-20 08:00:00+00:00
[2026-07-18T06:27:46.958+0000] {processor.py:183} INFO - Processing /opt/airflow/dags/stock_pipeline.py took 0.324 seconds
[2026-07-18T06:28:17.181+0000] {processor.py:161} INFO - Started process (PID=225) to work on /opt/airflow/dags/stock_pipeline.py
[2026-07-18T06:28:17.182+0000] {processor.py:830} INFO - Processing file /opt/airflow/dags/stock_pipeline.py for tasks to queue
[2026-07-18T06:28:17.184+0000] {logging_mixin.py:188} INFO - [2026-07-18T06:28:17.184+0000] {dagbag.py:538} INFO - Filling up the DagBag from /opt/airflow/dags/stock_pipeline.py
[2026-07-18T06:28:17.222+0000] {processor.py:840} INFO - DAG(s) 'stock_pipeline' retrieved from /opt/airflow/dags/stock_pipeline.py
[2026-07-18T06:28:17.277+0000] {logging_mixin.py:188} INFO - [2026-07-18T06:28:17.277+0000] {dag.py:3036} INFO - Sync 1 DAGs
[2026-07-18T06:28:17.307+0000] {logging_mixin.py:188} INFO - [2026-07-18T06:28:17.307+0000] {dag.py:3823} INFO - Setting next_dagrun for stock_pipeline to 2026-07-17 08:00:00+00:00, run_after=2026-07-20 08:00:00+00:00
[2026-07-18T06:28:17.331+0000] {processor.py:183} INFO - Processing /opt/airflow/dags/stock_pipeline.py took 0.154 seconds
[2026-07-18T06:28:47.536+0000] {processor.py:161} INFO - Started process (PID=230) to work on /opt/airflow/dags/stock_pipeline.py
[2026-07-18T06:28:47.538+0000] {processor.py:830} INFO - Processing file /opt/airflow/dags/stock_pipeline.py for tasks to queue
[2026-07-18T06:28:47.540+0000] {logging_mixin.py:188} INFO - [2026-07-18T06:28:47.540+0000] {dagbag.py:538} INFO - Filling up the DagBag from /opt/airflow/dags/stock_pipeline.py
[2026-07-18T06:28:47.575+0000] {processor.py:840} INFO - DAG(s) 'stock_pipeline' retrieved from /opt/airflow/dags/stock_pipeline.py
[2026-07-18T06:28:47.620+0000] {logging_mixin.py:188} INFO - [2026-07-18T06:28:47.620+0000] {dag.py:3036} INFO - Sync 1 DAGs
[2026-07-18T06:28:47.651+0000] {logging_mixin.py:188} INFO - [2026-07-18T06:28:47.650+0000] {dag.py:3823} INFO - Setting next_dagrun for stock_pipeline to 2026-07-17 08:00:00+00:00, run_after=2026-07-20 08:00:00+00:00
[2026-07-18T06:28:47.677+0000] {processor.py:183} INFO - Processing /opt/airflow/dags/stock_pipeline.py took 0.145 seconds
[2026-07-18T06:29:17.757+0000] {processor.py:161} INFO - Started process (PID=235) to work on /opt/airflow/dags/stock_pipeline.py
[2026-07-18T06:29:17.759+0000] {processor.py:830} INFO - Processing file /opt/airflow/dags/stock_pipeline.py for tasks to queue
[2026-07-18T06:29:17.761+0000] {logging_mixin.py:188} INFO - [2026-07-18T06:29:17.760+0000] {dagbag.py:538} INFO - Filling up the DagBag from /opt/airflow/dags/stock_pipeline.py
[2026-07-18T06:29:17.803+0000] {processor.py:840} INFO - DAG(s) 'stock_pipeline' retrieved from /opt/airflow/dags/stock_pipeline.py
[2026-07-18T06:29:17.854+0000] {logging_mixin.py:188} INFO - [2026-07-18T06:29:17.853+0000] {dag.py:3036} INFO - Sync 1 DAGs
[2026-07-18T06:29:17.892+0000] {logging_mixin.py:188} INFO - [2026-07-18T06:29:17.892+0000] {dag.py:3823} INFO - Setting next_dagrun for stock_pipeline to 2026-07-17 08:00:00+00:00, run_after=2026-07-20 08:00:00+00:00
[2026-07-18T06:29:17.924+0000] {processor.py:183} INFO - Processing /opt/airflow/dags/stock_pipeline.py took 0.172 seconds
[2026-07-18T06:29:48.050+0000] {processor.py:161} INFO - Started process (PID=240) to work on /opt/airflow/dags/stock_pipeline.py
[2026-07-18T06:29:48.051+0000] {processor.py:830} INFO - Processing file /opt/airflow/dags/stock_pipeline.py for tasks to queue
[2026-07-18T06:29:48.054+0000] {logging_mixin.py:188} INFO - [2026-07-18T06:29:48.053+0000] {dagbag.py:538} INFO - Filling up the DagBag from /opt/airflow/dags/stock_pipeline.py
[2026-07-18T06:29:48.089+0000] {processor.py:840} INFO - DAG(s) 'stock_pipeline' retrieved from /opt/airflow/dags/stock_pipeline.py
[2026-07-18T06:29:48.138+0000] {logging_mixin.py:188} INFO - [2026-07-18T06:29:48.138+0000] {dag.py:3036} INFO - Sync 1 DAGs
[2026-07-18T06:29:48.174+0000] {logging_mixin.py:188} INFO - [2026-07-18T06:29:48.174+0000] {dag.py:3823} INFO - Setting next_dagrun for stock_pipeline to 2026-07-17 08:00:00+00:00, run_after=2026-07-20 08:00:00+00:00
[2026-07-18T06:29:48.220+0000] {processor.py:183} INFO - Processing /opt/airflow/dags/stock_pipeline.py took 0.174 seconds
[2026-07-18T06:30:18.298+0000] {processor.py:161} INFO - Started process (PID=245) to work on /opt/airflow/dags/stock_pipeline.py
[2026-07-18T06:30:18.300+0000] {processor.py:830} INFO - Processing file /opt/airflow/dags/stock_pipeline.py for tasks to queue
[2026-07-18T06:30:18.302+0000] {logging_mixin.py:188} INFO - [2026-07-18T06:30:18.301+0000] {dagbag.py:538} INFO - Filling up the DagBag from /opt/airflow/dags/stock_pipeline.py
[2026-07-18T06:30:18.342+0000] {processor.py:840} INFO - DAG(s) 'stock_pipeline' retrieved from /opt/airflow/dags/stock_pipeline.py
[2026-07-18T06:30:18.392+0000] {logging_mixin.py:188} INFO - [2026-07-18T06:30:18.391+0000] {dag.py:3036} INFO - Sync 1 DAGs
[2026-07-18T06:30:18.429+0000] {logging_mixin.py:188} INFO - [2026-07-18T06:30:18.429+0000] {dag.py:3823} INFO - Setting next_dagrun for stock_pipeline to 2026-07-17 08:00:00+00:00, run_after=2026-07-20 08:00:00+00:00
[2026-07-18T06:30:18.455+0000] {processor.py:183} INFO - Processing /opt/airflow/dags/stock_pipeline.py took 0.162 seconds
[2026-07-18T06:30:40.558+0000] {processor.py:161} INFO - Started process (PID=250) to work on /opt/airflow/dags/stock_pipeline.py
[2026-07-18T06:30:40.561+0000] {processor.py:830} INFO - Processing file /opt/airflow/dags/stock_pipeline.py for tasks to queue
[2026-07-18T06:30:40.563+0000] {logging_mixin.py:188} INFO - [2026-07-18T06:30:40.562+0000] {dagbag.py:538} INFO - Filling up the DagBag from /opt/airflow/dags/stock_pipeline.py
[2026-07-18T06:30:40.616+0000] {processor.py:840} INFO - DAG(s) 'stock_pipeline' retrieved from /opt/airflow/dags/stock_pipeline.py
[2026-07-18T06:30:40.785+0000] {logging_mixin.py:188} INFO - [2026-07-18T06:30:40.784+0000] {dag.py:3036} INFO - Sync 1 DAGs
[2026-07-18T06:30:40.815+0000] {logging_mixin.py:188} INFO - [2026-07-18T06:30:40.814+0000] {dag.py:3823} INFO - Setting next_dagrun for stock_pipeline to 2026-07-17 08:00:00+00:00, run_after=2026-07-20 08:00:00+00:00
[2026-07-18T06:30:40.860+0000] {processor.py:183} INFO - Processing /opt/airflow/dags/stock_pipeline.py took 0.307 seconds
[2026-07-18T06:31:22.521+0000] {processor.py:161} INFO - Started process (PID=175) to work on /opt/airflow/dags/stock_pipeline.py
[2026-07-18T06:31:22.522+0000] {processor.py:830} INFO - Processing file /opt/airflow/dags/stock_pipeline.py for tasks to queue
[2026-07-18T06:31:22.524+0000] {logging_mixin.py:188} INFO - [2026-07-18T06:31:22.524+0000] {dagbag.py:538} INFO - Filling up the DagBag from /opt/airflow/dags/stock_pipeline.py
[2026-07-18T06:31:22.598+0000] {processor.py:840} INFO - DAG(s) 'stock_pipeline' retrieved from /opt/airflow/dags/stock_pipeline.py
[2026-07-18T06:31:22.651+0000] {logging_mixin.py:188} INFO - [2026-07-18T06:31:22.651+0000] {dag.py:3036} INFO - Sync 1 DAGs
[2026-07-18T06:31:22.686+0000] {logging_mixin.py:188} INFO - [2026-07-18T06:31:22.686+0000] {dag.py:3823} INFO - Setting next_dagrun for stock_pipeline to 2026-07-17 08:00:00+00:00, run_after=2026-07-20 08:00:00+00:00
[2026-07-18T06:31:22.715+0000] {processor.py:183} INFO - Processing /opt/airflow/dags/stock_pipeline.py took 0.198 seconds
