[2026-07-18T06:24:13.530+0000] {manager.py:469} INFO - Processing files using up to 2 processes at a time 
[2026-07-18T06:24:13.532+0000] {manager.py:470} INFO - Process each file at most once every 30 seconds
[2026-07-18T06:24:13.533+0000] {manager.py:471} INFO - Checking for new files in /opt/airflow/dags every 300 seconds
[2026-07-18T06:24:13.533+0000] {manager.py:738} INFO - Searching for files in /opt/airflow/dags
[2026-07-18T06:24:13.556+0000] {manager.py:741} INFO - There are 1 files in /opt/airflow/dags
[2026-07-18T06:24:13.675+0000] {manager.py:879} INFO - 
================================================================================
DAG File Processing Stats

File Path                              PID  Runtime      # DAGs    # Errors  Last Runtime    Last Run
-----------------------------------  -----  ---------  --------  ----------  --------------  ----------
/opt/airflow/dags/stock_pipeline.py    175  0.05s             0           0
================================================================================
[2026-07-18T06:24:43.840+0000] {manager.py:879} INFO - 
================================================================================
DAG File Processing Stats

File Path                            PID    Runtime      # DAGs    # Errors  Last Runtime    Last Run
-----------------------------------  -----  ---------  --------  ----------  --------------  -------------------
/opt/airflow/dags/stock_pipeline.py                           1           0  0.24s           2026-07-18T06:24:13
================================================================================
[2026-07-18T06:25:14.180+0000] {manager.py:879} INFO - 
================================================================================
DAG File Processing Stats

File Path                            PID    Runtime      # DAGs    # Errors  Last Runtime    Last Run
-----------------------------------  -----  ---------  --------  ----------  --------------  -------------------
/opt/airflow/dags/stock_pipeline.py                           1           0  0.48s           2026-07-18T06:24:44
================================================================================
[2026-07-18T06:25:44.844+0000] {manager.py:879} INFO - 
================================================================================
DAG File Processing Stats

File Path                            PID    Runtime      # DAGs    # Errors  Last Runtime    Last Run
-----------------------------------  -----  ---------  --------  ----------  --------------  -------------------
/opt/airflow/dags/stock_pipeline.py                           1           0  0.21s           2026-07-18T06:25:14
================================================================================
[2026-07-18T06:26:15.235+0000] {manager.py:879} INFO - 
================================================================================
DAG File Processing Stats

File Path                            PID    Runtime      # DAGs    # Errors  Last Runtime    Last Run
-----------------------------------  -----  ---------  --------  ----------  --------------  -------------------
/opt/airflow/dags/stock_pipeline.py                           1           0  0.21s           2026-07-18T06:25:45
================================================================================
[2026-07-18T06:26:45.606+0000] {manager.py:879} INFO - 
================================================================================
DAG File Processing Stats

File Path                            PID    Runtime      # DAGs    # Errors  Last Runtime    Last Run
-----------------------------------  -----  ---------  --------  ----------  --------------  -------------------
/opt/airflow/dags/stock_pipeline.py                           1           0  0.21s           2026-07-18T06:26:15
================================================================================
[2026-07-18T06:27:15.992+0000] {manager.py:879} INFO - 
================================================================================
DAG File Processing Stats

File Path                            PID    Runtime      # DAGs    # Errors  Last Runtime    Last Run
-----------------------------------  -----  ---------  --------  ----------  --------------  -------------------
/opt/airflow/dags/stock_pipeline.py                           1           0  0.25s           2026-07-18T06:26:46
================================================================================
[2026-07-18T06:27:46.410+0000] {manager.py:879} INFO - 
================================================================================
DAG File Processing Stats

File Path                            PID    Runtime      # DAGs    # Errors  Last Runtime    Last Run
-----------------------------------  -----  ---------  --------  ----------  --------------  -------------------
/opt/airflow/dags/stock_pipeline.py                           1           0  0.20s           2026-07-18T06:27:16
================================================================================
[2026-07-18T06:28:16.767+0000] {manager.py:879} INFO - 
================================================================================
DAG File Processing Stats

File Path                            PID    Runtime      # DAGs    # Errors  Last Runtime    Last Run
-----------------------------------  -----  ---------  --------  ----------  --------------  -------------------
/opt/airflow/dags/stock_pipeline.py                           1           0  0.38s           2026-07-18T06:27:46
================================================================================
[2026-07-18T06:28:47.326+0000] {manager.py:879} INFO - 
================================================================================
DAG File Processing Stats

File Path                            PID    Runtime      # DAGs    # Errors  Last Runtime    Last Run
-----------------------------------  -----  ---------  --------  ----------  --------------  -------------------
/opt/airflow/dags/stock_pipeline.py                           1           0  0.19s           2026-07-18T06:28:17
================================================================================
[2026-07-18T06:29:13.660+0000] {manager.py:738} INFO - Searching for files in /opt/airflow/dags
[2026-07-18T06:29:13.682+0000] {manager.py:741} INFO - There are 1 files in /opt/airflow/dags
[2026-07-18T06:29:17.735+0000] {manager.py:879} INFO - 
================================================================================
DAG File Processing Stats

File Path                              PID  Runtime      # DAGs    # Errors  Last Runtime    Last Run
-----------------------------------  -----  ---------  --------  ----------  --------------  -------------------
/opt/airflow/dags/stock_pipeline.py    235  0.01s             1           0  0.18s           2026-07-18T06:28:47
================================================================================
[2026-07-18T06:29:48.031+0000] {manager.py:879} INFO - 
================================================================================
DAG File Processing Stats

File Path                              PID  Runtime      # DAGs    # Errors  Last Runtime    Last Run
-----------------------------------  -----  ---------  --------  ----------  --------------  -------------------
/opt/airflow/dags/stock_pipeline.py    240  0.01s             1           0  0.21s           2026-07-18T06:29:17
================================================================================
[2026-07-18T06:30:18.278+0000] {manager.py:879} INFO - 
================================================================================
DAG File Processing Stats

File Path                              PID  Runtime      # DAGs    # Errors  Last Runtime    Last Run
-----------------------------------  -----  ---------  --------  ----------  --------------  -------------------
/opt/airflow/dags/stock_pipeline.py    245  0.01s             1           0  0.21s           2026-07-18T06:29:48
================================================================================
[2026-07-18T06:30:45.778+0000] {manager.py:451} INFO - Exiting gracefully upon receiving signal 15
[2026-07-18T06:31:22.395+0000] {manager.py:469} INFO - Processing files using up to 2 processes at a time 
[2026-07-18T06:31:22.396+0000] {manager.py:470} INFO - Process each file at most once every 30 seconds
[2026-07-18T06:31:22.397+0000] {manager.py:471} INFO - Checking for new files in /opt/airflow/dags every 300 seconds
[2026-07-18T06:31:22.398+0000] {manager.py:738} INFO - Searching for files in /opt/airflow/dags
[2026-07-18T06:31:22.426+0000] {manager.py:741} INFO - There are 1 files in /opt/airflow/dags
[2026-07-18T06:31:22.543+0000] {manager.py:879} INFO - 
================================================================================
DAG File Processing Stats

File Path                              PID  Runtime      # DAGs    # Errors  Last Runtime    Last Run
-----------------------------------  -----  ---------  --------  ----------  --------------  ----------
/opt/airflow/dags/stock_pipeline.py    175  0.05s             0           0
================================================================================
