[2026-07-18T02:44:03.744+0000] {taskinstance.py:1956} INFO - Dependencies all met for dep_context=non-requeueable deps ti=<TaskInstance: stock_pipeline.fetch_stock_data manual__2026-07-18T02:44:00.534164+00:00 [queued]>
[2026-07-18T02:44:03.763+0000] {taskinstance.py:1956} INFO - Dependencies all met for dep_context=requeueable deps ti=<TaskInstance: stock_pipeline.fetch_stock_data manual__2026-07-18T02:44:00.534164+00:00 [queued]>
[2026-07-18T02:44:03.764+0000] {taskinstance.py:2170} INFO - Starting attempt 1 of 3
[2026-07-18T02:44:03.790+0000] {taskinstance.py:2191} INFO - Executing <Task(PythonOperator): fetch_stock_data> on 2026-07-18 02:44:00.534164+00:00
[2026-07-18T02:44:03.826+0000] {standard_task_runner.py:60} INFO - Started process 11719 to run task
[2026-07-18T02:44:03.829+0000] {standard_task_runner.py:87} INFO - Running: ['***', 'tasks', 'run', 'stock_pipeline', 'fetch_stock_data', 'manual__2026-07-18T02:44:00.534164+00:00', '--job-id', '6', '--raw', '--subdir', 'DAGS_FOLDER/stock_pipeline.py', '--cfg-path', '/tmp/tmptkpekc7c']
[2026-07-18T02:44:03.833+0000] {standard_task_runner.py:88} INFO - Job 6: Subtask fetch_stock_data
[2026-07-18T02:44:03.943+0000] {task_command.py:423} INFO - Running <TaskInstance: stock_pipeline.fetch_stock_data manual__2026-07-18T02:44:00.534164+00:00 [running]> on host e59a5eeb5fc0
[2026-07-18T02:44:04.134+0000] {taskinstance.py:2480} INFO - Exporting env vars: AIRFLOW_CTX_DAG_OWNER='Lynixt' AIRFLOW_CTX_DAG_ID='stock_pipeline' AIRFLOW_CTX_TASK_ID='fetch_stock_data' AIRFLOW_CTX_EXECUTION_DATE='2026-07-18T02:44:00.534164+00:00' AIRFLOW_CTX_TRY_NUMBER='1' AIRFLOW_CTX_DAG_RUN_ID='manual__2026-07-18T02:44:00.534164+00:00'
[2026-07-18T02:44:04.862+0000] {logging_mixin.py:188} INFO -   [AAPL] Attempt 1 failed: API error for AAPL: Unknown
[2026-07-18T02:44:07.202+0000] {logging_mixin.py:188} INFO -   [AAPL] Attempt 2 failed: API error for AAPL: Unknown
[2026-07-18T02:44:11.527+0000] {logging_mixin.py:188} INFO -   [AAPL] Attempt 3 failed: API error for AAPL: Unknown
[2026-07-18T02:44:11.529+0000] {taskinstance.py:2698} ERROR - Task failed with exception
Traceback (most recent call last):
  File "/home/airflow/.local/lib/python3.8/site-packages/airflow/models/taskinstance.py", line 433, in _execute_task
    result = execute_callable(context=context, **execute_callable_kwargs)
  File "/home/airflow/.local/lib/python3.8/site-packages/airflow/operators/python.py", line 199, in execute
    return_value = self.execute_callable()
  File "/home/airflow/.local/lib/python3.8/site-packages/airflow/operators/python.py", line 216, in execute_callable
    return self.python_callable(*self.op_args, **self.op_kwargs)
  File "/opt/airflow/dags/stock_pipeline.py", line 114, in task_fetch
    results[stock] = fetch_stock_data(stock)
  File "/opt/airflow/dags/stock_pipeline.py", line 44, in fetch_stock_data
    raise ValueError(f"API error for {symbol}: {data.get('Note', 'Unknown')}")
ValueError: API error for AAPL: Unknown
[2026-07-18T02:44:11.552+0000] {taskinstance.py:1138} INFO - Marking task as UP_FOR_RETRY. dag_id=stock_pipeline, task_id=fetch_stock_data, execution_date=20260718T024400, start_date=20260718T024403, end_date=20260718T024411
[2026-07-18T02:44:11.579+0000] {standard_task_runner.py:107} ERROR - Failed to execute job 6 for task fetch_stock_data (API error for AAPL: Unknown; 11719)
[2026-07-18T02:44:11.625+0000] {local_task_job_runner.py:234} INFO - Task exited with return code 1
[2026-07-18T02:44:11.660+0000] {taskinstance.py:3280} INFO - 0 downstream tasks scheduled from follow-on schedule check
